  [1m[36m (5.3ms)[0m  [1mCREATE TABLE "schema_migrations" ("version" varchar(255) NOT NULL) [0m
  [1m[35m (0.1ms)[0m  select sqlite_version(*)
  [1m[36m (1.7ms)[0m  [1mCREATE UNIQUE INDEX "unique_schema_migrations" ON "schema_migrations" ("version")[0m
  [1m[35mActiveRecord::SchemaMigration Load (0.1ms)[0m  SELECT "schema_migrations".* FROM "schema_migrations"
Migrating to CreateProducts (20121130000001)
  [1m[36m (0.0ms)[0m  [1mbegin transaction[0m
  [1m[35m (0.2ms)[0m  CREATE TABLE "products" ("id" INTEGER PRIMARY KEY AUTOINCREMENT NOT NULL, "title" varchar(255), "description" text, "image_url" varchar(255), "price" decimal(8,2), "created_at" datetime, "updated_at" datetime) 
  [1m[36mSQL (0.1ms)[0m  [1mINSERT INTO "schema_migrations" ("version") VALUES (?)[0m  [["version", "20121130000001"]]
  [1m[35m (2.2ms)[0m  commit transaction
Migrating to CreateCarts (20121130000002)
  [1m[36m (0.0ms)[0m  [1mbegin transaction[0m
  [1m[35m (0.1ms)[0m  CREATE TABLE "carts" ("id" INTEGER PRIMARY KEY AUTOINCREMENT NOT NULL, "created_at" datetime, "updated_at" datetime) 
  [1m[36mSQL (0.1ms)[0m  [1mINSERT INTO "schema_migrations" ("version") VALUES (?)[0m  [["version", "20121130000002"]]
  [1m[35m (1.7ms)[0m  commit transaction
Migrating to CreateLineItems (20121130000003)
  [1m[36m (0.0ms)[0m  [1mbegin transaction[0m
  [1m[35m (0.1ms)[0m  CREATE TABLE "line_items" ("id" INTEGER PRIMARY KEY AUTOINCREMENT NOT NULL, "product_id" integer, "cart_id" integer, "created_at" datetime, "updated_at" datetime) 
  [1m[36m (0.1ms)[0m  [1mCREATE  INDEX "index_line_items_on_product_id" ON "line_items" ("product_id")[0m
  [1m[35m (0.1ms)[0m              SELECT sql
            FROM sqlite_master
            WHERE name='index_line_items_on_product_id' AND type='index'
            UNION ALL
            SELECT sql
            FROM sqlite_temp_master
            WHERE name='index_line_items_on_product_id' AND type='index'

  [1m[36m (0.1ms)[0m  [1mCREATE  INDEX "index_line_items_on_cart_id" ON "line_items" ("cart_id")[0m
  [1m[35mSQL (0.1ms)[0m  INSERT INTO "schema_migrations" ("version") VALUES (?)  [["version", "20121130000003"]]
  [1m[36m (1.8ms)[0m  [1mcommit transaction[0m
Migrating to AddQuantityToLineItems (20121130000004)
  [1m[35m (0.0ms)[0m  begin transaction
  [1m[36m (0.2ms)[0m  [1mALTER TABLE "line_items" ADD "quantity" integer DEFAULT 1[0m
  [1m[35mSQL (0.1ms)[0m  INSERT INTO "schema_migrations" ("version") VALUES (?)  [["version", "20121130000004"]]
  [1m[36m (1.6ms)[0m  [1mcommit transaction[0m
Migrating to CombineItemsInCart (20121130000005)
  [1m[35m (0.0ms)[0m  begin transaction
  [1m[36mCart Load (0.1ms)[0m  [1mSELECT "carts".* FROM "carts"[0m
  [1m[35mSQL (0.1ms)[0m  INSERT INTO "schema_migrations" ("version") VALUES (?)  [["version", "20121130000005"]]
  [1m[36m (2.2ms)[0m  [1mcommit transaction[0m
Migrating to AddPriceToLineItem (20121130000006)
  [1m[35m (0.0ms)[0m  begin transaction
  [1m[36m (0.2ms)[0m  [1mALTER TABLE "line_items" ADD "price" decimal[0m
  [1m[35mLineItem Load (0.1ms)[0m  SELECT "line_items".* FROM "line_items"
  [1m[36mSQL (0.1ms)[0m  [1mINSERT INTO "schema_migrations" ("version") VALUES (?)[0m  [["version", "20121130000006"]]
  [1m[35m (1.9ms)[0m  commit transaction
Migrating to CreateOrders (20121130000007)
  [1m[36m (0.0ms)[0m  [1mbegin transaction[0m
  [1m[35m (0.2ms)[0m  CREATE TABLE "orders" ("id" INTEGER PRIMARY KEY AUTOINCREMENT NOT NULL, "name" varchar(255), "address" text, "email" varchar(255), "pay_type" varchar(255), "created_at" datetime, "updated_at" datetime) 
  [1m[36mSQL (0.2ms)[0m  [1mINSERT INTO "schema_migrations" ("version") VALUES (?)[0m  [["version", "20121130000007"]]
  [1m[35m (2.9ms)[0m  commit transaction
Migrating to AddOrderIdToLineItem (20121130000008)
  [1m[36m (0.1ms)[0m  [1mbegin transaction[0m
  [1m[35m (0.7ms)[0m  ALTER TABLE "line_items" ADD "order_id" integer
  [1m[36mSQL (0.1ms)[0m  [1mINSERT INTO "schema_migrations" ("version") VALUES (?)[0m  [["version", "20121130000008"]]
  [1m[35m (2.2ms)[0m  commit transaction
Migrating to CreateUsers (20121130000009)
  [1m[36m (0.0ms)[0m  [1mbegin transaction[0m
  [1m[35m (0.2ms)[0m  CREATE TABLE "users" ("id" INTEGER PRIMARY KEY AUTOINCREMENT NOT NULL, "name" varchar(255), "password_digest" varchar(255), "created_at" datetime, "updated_at" datetime) 
  [1m[36mSQL (0.1ms)[0m  [1mINSERT INTO "schema_migrations" ("version") VALUES (?)[0m  [["version", "20121130000009"]]
  [1m[35m (2.6ms)[0m  commit transaction
  [1m[36mActiveRecord::SchemaMigration Load (0.1ms)[0m  [1mSELECT "schema_migrations".* FROM "schema_migrations"[0m
  [1m[35m (0.1ms)[0m              SELECT sql
            FROM sqlite_master
            WHERE name='index_line_items_on_cart_id' AND type='index'
            UNION ALL
            SELECT sql
            FROM sqlite_temp_master
            WHERE name='index_line_items_on_cart_id' AND type='index'

  [1m[36m (0.1ms)[0m  [1m            SELECT sql
            FROM sqlite_master
            WHERE name='index_line_items_on_product_id' AND type='index'
            UNION ALL
            SELECT sql
            FROM sqlite_temp_master
            WHERE name='index_line_items_on_product_id' AND type='index'
[0m
  [1m[36mActiveRecord::SchemaMigration Load (0.1ms)[0m  [1mSELECT "schema_migrations".* FROM "schema_migrations"[0m
  [1m[35mSQL (4.8ms)[0m  DELETE FROM "products"
  [1m[36m (0.0ms)[0m  [1mbegin transaction[0m
  [1m[35mProduct Exists (0.1ms)[0m  SELECT  1 AS one FROM "products"  WHERE "products"."title" = 'CoffeeScript' LIMIT 1
  [1m[36mSQL (0.1ms)[0m  [1mINSERT INTO "products" ("created_at", "description", "image_url", "price", "title", "updated_at") VALUES (?, ?, ?, ?, ?, ?)[0m  [["created_at", "2016-06-30 20:24:03.987573"], ["description", "<p>\n        CoffeeScript is JavaScript done right. It provides all of JavaScript's\n\tfunctionality wrapped in a cleaner, more succinct syntax. In the first\n\tbook on this exciting new language, CoffeeScript guru Trevor Burnham\n\tshows you how to hold onto all the power and flexibility of JavaScript\n\twhile writing clearer, cleaner, and safer code.\n      </p>"], ["image_url", "cs.jpg"], ["price", 36.0], ["title", "CoffeeScript"], ["updated_at", "2016-06-30 20:24:03.987573"]]
  [1m[35m (2.1ms)[0m  commit transaction
  [1m[36m (0.0ms)[0m  [1mbegin transaction[0m
  [1m[35mProduct Exists (0.1ms)[0m  SELECT  1 AS one FROM "products"  WHERE "products"."title" = 'Programming Ruby 1.9 & 2.0' LIMIT 1
  [1m[36mSQL (0.1ms)[0m  [1mINSERT INTO "products" ("created_at", "description", "image_url", "price", "title", "updated_at") VALUES (?, ?, ?, ?, ?, ?)[0m  [["created_at", "2016-06-30 20:24:03.991946"], ["description", "<p>\n        Ruby is the fastest growing and most exciting dynamic language\n        out there. If you need to get working programs delivered fast,\n        you should add Ruby to your toolbox.\n      </p>"], ["image_url", "ruby.jpg"], ["price", 49.95], ["title", "Programming Ruby 1.9 & 2.0"], ["updated_at", "2016-06-30 20:24:03.991946"]]
  [1m[35m (1.9ms)[0m  commit transaction
  [1m[36m (0.0ms)[0m  [1mbegin transaction[0m
  [1m[35mProduct Exists (0.1ms)[0m  SELECT  1 AS one FROM "products"  WHERE "products"."title" = 'Rails Test Prescriptions' LIMIT 1
  [1m[36mSQL (0.1ms)[0m  [1mINSERT INTO "products" ("created_at", "description", "image_url", "price", "title", "updated_at") VALUES (?, ?, ?, ?, ?, ?)[0m  [["created_at", "2016-06-30 20:24:03.994782"], ["description", "<p>\n        <em>Rails Test Prescriptions</em> is a comprehensive guide to testing\n        Rails applications, covering Test-Driven Development from both a\n        theoretical perspective (why to test) and from a practical perspective\n        (how to test effectively). It covers the core Rails testing tools and\n        procedures for Rails 2 and Rails 3, and introduces popular add-ons,\n        including Cucumber, Shoulda, Machinist, Mocha, and Rcov.\n      </p>"], ["image_url", "rtp.jpg"], ["price", 34.95], ["title", "Rails Test Prescriptions"], ["updated_at", "2016-06-30 20:24:03.994782"]]
  [1m[35m (2.1ms)[0m  commit transaction
